<?xml version="1.0" encoding="UTF-8"?>
<!-- Generated by org.testng.reporters.JUnitReportReporter -->
<testsuite hostname="RAJU" failures="0" tests="4" name="com.OrangeHRMApplicationPageTestCases.OrangeHRMLoginPageTest" time="2.800" errors="1" timestamp="2023-03-04T16:39:01 IST" skipped="3">
  <testcase classname="com.OrangeHRMApplicationPageTestCases.OrangeHRMLoginPageTest" name="applicationLaunch" time="2.800">
    <error message="session not created: This version of ChromeDriver only supports Chrome version 108
Current browser version is 110.0.5481.178 with binary path C:\Program Files\Google\Chrome\Application\chrome.exe
Build info: version: &#039;3.141.59&#039;, revision: &#039;e82be7d358&#039;, time: &#039;2018-11-14T08:17:03&#039;
System info: host: &#039;RAJU&#039;, ip: &#039;127.0.0.1&#039;, os.name: &#039;Windows 11&#039;, os.arch: &#039;amd64&#039;, os.version: &#039;10.0&#039;, java.version: &#039;17.0.5&#039;
Driver info: driver.version: ChromeDriver
remote stacktrace: Backtrace:
	(No symbol) [0x0062F243]
	(No symbol) [0x005B7FD1]
	(No symbol) [0x004AD04D]
	(No symbol) [0x004CF6B4]
	(No symbol) [0x004CA97C]
	(No symbol) [0x004C82E9]
	(No symbol) [0x004FF056]
	(No symbol) [0x004FEB2A]
	(No symbol) [0x004F8386]
	(No symbol) [0x004D163C]
	(No symbol) [0x004D269D]
	GetHandleVerifier [0x008C9A22+2655074]
	GetHandleVerifier [0x008BCA24+2601828]
	GetHandleVerifier [0x006D8C0A+619850]
	GetHandleVerifier [0x006D7830+614768]
	(No symbol) [0x005C05FC]
	(No symbol) [0x005C5968]
	(No symbol) [0x005C5A55]
	(No symbol) [0x005D051B]
	BaseThreadInitThunk [0x75F86BD9+25]
	RtlGetFullPathName_UEx [0x770C8FD2+1218]
	RtlGetFullPathName_UEx [0x770C8F9D+1165]
" type="org.openqa.selenium.SessionNotCreatedException">
      <![CDATA[org.openqa.selenium.SessionNotCreatedException: session not created: This version of ChromeDriver only supports Chrome version 108
Current browser version is 110.0.5481.178 with binary path C:\Program Files\Google\Chrome\Application\chrome.exe
Build info: version: '3.141.59', revision: 'e82be7d358', time: '2018-11-14T08:17:03'
System info: host: 'RAJU', ip: '127.0.0.1', os.name: 'Windows 11', os.arch: 'amd64', os.version: '10.0', java.version: '17.0.5'
Driver info: driver.version: ChromeDriver
remote stacktrace: Backtrace:
(No symbol) [0x0062F243]
(No symbol) [0x005B7FD1]
(No symbol) [0x004AD04D]
(No symbol) [0x004CF6B4]
(No symbol) [0x004CA97C]
(No symbol) [0x004C82E9]
(No symbol) [0x004FF056]
(No symbol) [0x004FEB2A]
(No symbol) [0x004F8386]
(No symbol) [0x004D163C]
(No symbol) [0x004D269D]
GetHandleVerifier [0x008C9A22+2655074]
GetHandleVerifier [0x008BCA24+2601828]
GetHandleVerifier [0x006D8C0A+619850]
GetHandleVerifier [0x006D7830+614768]
(No symbol) [0x005C05FC]
(No symbol) [0x005C5968]
(No symbol) [0x005C5A55]
(No symbol) [0x005D051B]
BaseThreadInitThunk [0x75F86BD9+25]
RtlGetFullPathName_UEx [0x770C8FD2+1218]
RtlGetFullPathName_UEx [0x770C8F9D+1165]

at java.base/jdk.internal.reflect.NativeConstructorAccessorImpl.newInstance0(Native Method)
at java.base/jdk.internal.reflect.NativeConstructorAccessorImpl.newInstance(NativeConstructorAccessorImpl.java:77)
at java.base/jdk.internal.reflect.DelegatingConstructorAccessorImpl.newInstance(DelegatingConstructorAccessorImpl.java:45)
at java.base/java.lang.reflect.Constructor.newInstanceWithCaller(Constructor.java:499)
at java.base/java.lang.reflect.Constructor.newInstance(Constructor.java:480)
at org.openqa.selenium.remote.W3CHandshakeResponse.lambda$errorHandler$0(W3CHandshakeResponse.java:62)
at org.openqa.selenium.remote.HandshakeResponse.lambda$getResponseFunction$0(HandshakeResponse.java:30)
at org.openqa.selenium.remote.ProtocolHandshake.lambda$createSession$0(ProtocolHandshake.java:126)
at java.base/java.util.stream.ReferencePipeline$3$1.accept(ReferencePipeline.java:197)
at java.base/java.util.Spliterators$ArraySpliterator.tryAdvance(Spliterators.java:1002)
at java.base/java.util.stream.ReferencePipeline.forEachWithCancel(ReferencePipeline.java:129)
at java.base/java.util.stream.AbstractPipeline.copyIntoWithCancel(AbstractPipeline.java:527)
at java.base/java.util.stream.AbstractPipeline.copyInto(AbstractPipeline.java:513)
at java.base/java.util.stream.AbstractPipeline.wrapAndCopyInto(AbstractPipeline.java:499)
at java.base/java.util.stream.FindOps$FindOp.evaluateSequential(FindOps.java:150)
at java.base/java.util.stream.AbstractPipeline.evaluate(AbstractPipeline.java:234)
at java.base/java.util.stream.ReferencePipeline.findFirst(ReferencePipeline.java:647)
at org.openqa.selenium.remote.ProtocolHandshake.createSession(ProtocolHandshake.java:128)
at org.openqa.selenium.remote.ProtocolHandshake.createSession(ProtocolHandshake.java:74)
at org.openqa.selenium.remote.HttpCommandExecutor.execute(HttpCommandExecutor.java:136)
at org.openqa.selenium.remote.service.DriverCommandExecutor.execute(DriverCommandExecutor.java:83)
at org.openqa.selenium.remote.RemoteWebDriver.execute(RemoteWebDriver.java:552)
at org.openqa.selenium.remote.RemoteWebDriver.startSession(RemoteWebDriver.java:213)
at org.openqa.selenium.remote.RemoteWebDriver.<init>(RemoteWebDriver.java:131)
at org.openqa.selenium.chrome.ChromeDriver.<init>(ChromeDriver.java:181)
at org.openqa.selenium.chrome.ChromeDriver.<init>(ChromeDriver.java:168)
at org.openqa.selenium.chrome.ChromeDriver.<init>(ChromeDriver.java:123)
at com.OrangeHRMApplicationBaseTest.BaseTest.applicationLaunch(BaseTest.java:19)
at java.base/jdk.internal.reflect.NativeMethodAccessorImpl.invoke0(Native Method)
at java.base/jdk.internal.reflect.NativeMethodAccessorImpl.invoke(NativeMethodAccessorImpl.java:77)
at java.base/jdk.internal.reflect.DelegatingMethodAccessorImpl.invoke(DelegatingMethodAccessorImpl.java:43)
at java.base/java.lang.reflect.Method.invoke(Method.java:568)
at org.testng.internal.MethodInvocationHelper.invokeMethod(MethodInvocationHelper.java:133)
at org.testng.internal.MethodInvocationHelper.invokeMethodConsideringTimeout(MethodInvocationHelper.java:62)
at org.testng.internal.ConfigInvoker.invokeConfigurationMethod(ConfigInvoker.java:385)
at org.testng.internal.ConfigInvoker.invokeConfigurations(ConfigInvoker.java:321)
at org.testng.internal.TestInvoker.runConfigMethods(TestInvoker.java:700)
at org.testng.internal.TestInvoker.invokeMethod(TestInvoker.java:527)
at org.testng.internal.TestInvoker.invokeTestMethod(TestInvoker.java:173)
at org.testng.internal.MethodRunner.runInSequence(MethodRunner.java:46)
at org.testng.internal.TestInvoker$MethodInvocationAgent.invoke(TestInvoker.java:824)
at org.testng.internal.TestInvoker.invokeTestMethods(TestInvoker.java:146)
at org.testng.internal.TestMethodWorker.invokeTestMethods(TestMethodWorker.java:146)
at org.testng.internal.TestMethodWorker.run(TestMethodWorker.java:128)
at java.base/java.util.ArrayList.forEach(ArrayList.java:1511)
at org.testng.TestRunner.privateRun(TestRunner.java:794)
at org.testng.TestRunner.run(TestRunner.java:596)
at org.testng.SuiteRunner.runTest(SuiteRunner.java:377)
at org.testng.SuiteRunner.runSequentially(SuiteRunner.java:371)
at org.testng.SuiteRunner.privateRun(SuiteRunner.java:332)
at org.testng.SuiteRunner.run(SuiteRunner.java:276)
at org.testng.SuiteRunnerWorker.runSuite(SuiteRunnerWorker.java:53)
at org.testng.SuiteRunnerWorker.run(SuiteRunnerWorker.java:96)
at org.testng.TestNG.runSuitesSequentially(TestNG.java:1212)
at org.testng.TestNG.runSuitesLocally(TestNG.java:1134)
at org.testng.TestNG.runSuites(TestNG.java:1063)
at org.testng.TestNG.run(TestNG.java:1031)
at org.testng.remote.AbstractRemoteTestNG.run(AbstractRemoteTestNG.java:115)
at org.testng.remote.RemoteTestNG.initAndRun(RemoteTestNG.java:251)
at org.testng.remote.RemoteTestNG.main(RemoteTestNG.java:77)
]]>
    </error>
  </testcase> <!-- applicationLaunch -->
  <system-out/>
  <testcase classname="com.OrangeHRMApplicationPageTestCases.OrangeHRMLoginPageTest" name="loginPageLogoValidationTest" time="0.000">
    <skipped/>
  </testcase> <!-- loginPageLogoValidationTest -->
  <system-out/>
  <testcase classname="com.OrangeHRMApplicationPageTestCases.OrangeHRMLoginPageTest" name="loginPageTextValidationTest" time="0.000">
    <skipped/>
  </testcase> <!-- loginPageTextValidationTest -->
  <system-out/>
  <testcase classname="com.OrangeHRMApplicationPageTestCases.OrangeHRMLoginPageTest" name="loginPageloginFuctionalityTest" time="0.000">
    <skipped/>
  </testcase> <!-- loginPageloginFuctionalityTest -->
  <system-out/>
</testsuite> <!-- com.OrangeHRMApplicationPageTestCases.OrangeHRMLoginPageTest -->
